2023-04-03 03:26:48.922150 - Initialized conversion of CBT888
2023-04-03 03:27:10.539897 - Received CBT.V504.FILE888.PDS from FILE888.XMI 
2023-04-03 03:27:10.542849 - Found $$$#DATE.txt (text/plain) in CBT.V504.FILE888.PDS, moved to PDS/$$$#DATE
2023-04-03 03:27:10.543980 - Found #DOC.txt (text/plain) in CBT.V504.FILE888.PDS, moved to PDS/#DOC
2023-04-03 03:27:10.543992 - Found #DOCMP4.mp4 containing video/mp4, moved to PDS/#DOCMP4
2023-04-03 03:27:10.557346 - De-xmi-ed #DOCPDF to CBT888/docs/#DOCPDF.pdf
2023-04-03 03:27:10.558678 - Found @FILE888.txt (text/plain) in CBT.V504.FILE888.PDS, moved to PDS/@FILE888
2023-04-03 03:27:10.566418 - Found ADATA.xmi (application/xmit) in CBT.V504.FILE888.PDS
2023-04-03 03:27:10.570706   - Received to CBT888/CBTEXP.ADATA
2023-04-03 03:27:10.731811 - Found ASM.xmi (application/xmit) in CBT.V504.FILE888.PDS
2023-04-03 03:27:10.759812   - Received to CBT888/CBTEXP.ASM
2023-04-03 03:27:11.408859 - Found COMPLIST.xmi (application/xmit) in CBT.V504.FILE888.PDS
2023-04-03 03:27:11.424776   - Received to CBT888/CBTEXP.COMPLIST
2023-04-03 03:27:11.778912 - Found CPP.xmi (application/xmit) in CBT.V504.FILE888.PDS
2023-04-03 03:27:11.797623   - Received to CBT888/CBTEXP.CPP
2023-04-03 03:27:15.076388 - Found HPP.xmi (application/xmit) in CBT.V504.FILE888.PDS
2023-04-03 03:27:15.509005   - Received to CBT888/CBTEXP.HPP
2023-04-03 03:27:15.510597 - Found INSTALL.jcl (text/plain) in CBT.V504.FILE888.PDS, moved to PDS/INSTALL
2023-04-03 03:27:15.525249 - Found JOBS.xmi (application/xmit) in CBT.V504.FILE888.PDS
2023-04-03 03:27:15.530330   - Received to CBT888/CBTEXP.JOBS
2023-04-03 03:27:15.760999 - Found LOADLIB.xmi (application/xmit) in CBT.V504.FILE888.PDS
2023-04-03 03:27:15.785223   - Received RECFM=U data, stored XMIT file as CBT888/LOADLIB.xmi
2023-04-03 03:27:15.894938 - Found OBJECT.xmi (application/xmit) in CBT.V504.FILE888.PDS
2023-04-03 03:27:15.916753   - Received to CBT888/CBTEXP.OBJECT
2023-04-03 03:27:16.052684 - Found OUT.xmi (application/xmit) in CBT.V504.FILE888.PDS
2023-04-03 03:27:16.071594   - Received to CBT888/CBTEXP.OUT
2023-04-03 03:27:16.131739 - Found PROC.xmi (application/xmit) in CBT.V504.FILE888.PDS
2023-04-03 03:27:16.144685   - Received to CBT888/CBTEXP.PROC
2023-04-03 03:27:16.311556 - Found SAMPLIB.xmi (application/xmit) in CBT.V504.FILE888.PDS
2023-04-03 03:27:16.337241   - Received to CBT888/CBTEXP.SAMPLIB
2023-04-03 03:27:16.371718 - Found WLMDEF.xmi (application/xmit) in CBT.V504.FILE888.PDS
2023-04-03 03:27:16.401456   - Received to CBT888/CBTEXP.WLMDEF
2023-04-03 03:27:18.740943 - Found ZFSDUMP.xmi (application/xmit) in CBT.V504.FILE888.PDS
2023-04-03 03:27:18.817504   - Received RECFM=U data, stored XMIT file as CBT888/ZFSDUMP.xmi
